d:\дипломная работа\tetris\tetris\tetris\release\tetris.pch
d:\дипломная работа\tetris\tetris\tetris\release\vc141.pdb
d:\дипломная работа\tetris\tetris\tetris\release\stdafx.obj
d:\дипломная работа\tetris\tetris\tetris\release\tetris.obj
d:\дипломная работа\tetris\tetris\tetris\release\shapes.obj
d:\дипломная работа\tetris\tetris\tetris\release\io.obj
d:\дипломная работа\tetris\tetris\tetris\release\game.obj
d:\дипломная работа\tetris\tetris\tetris\release\board.obj
d:\дипломная работа\tetris\tetris\release\tetris.exe
d:\дипломная работа\tetris\tetris\release\tetris.pdb
d:\дипломная работа\tetris\tetris\release\tetris.lib
d:\дипломная работа\tetris\tetris\release\tetris.exp
d:\дипломная работа\tetris\tetris\release\tetris.ipdb
d:\дипломная работа\tetris\tetris\release\tetris.iobj
d:\дипломная работа\tetris\tetris\tetris\release\tetris.tlog\cl.command.1.tlog
d:\дипломная работа\tetris\tetris\tetris\release\tetris.tlog\cl.read.1.tlog
d:\дипломная работа\tetris\tetris\tetris\release\tetris.tlog\cl.write.1.tlog
d:\дипломная работа\tetris\tetris\tetris\release\tetris.tlog\link.command.1.tlog
d:\дипломная работа\tetris\tetris\tetris\release\tetris.tlog\link.read.1.tlog
d:\дипломная работа\tetris\tetris\tetris\release\tetris.tlog\link.write.1.tlog
d:\дипломная работа\tetris\tetris\tetris\release\tetris.tlog\tetris.write.1u.tlog
